[   51844ms] [INFO] %cDownload the React DevTools for a better development experience: https://react.dev/link/react-devtools font-weight:bold @ http://localhost:5173/node_modules/.vite/deps/react-dom_client.js?v=246f4ffe:14337
[   52005ms] [ERROR] Failed to load resource: the server responded with a status of 404 (Not Found) @ http://localhost:5173/src/pages/scanlines/engine.js:0
[ 2865215ms] [INFO] %cDownload the React DevTools for a better development experience: https://react.dev/link/react-devtools font-weight:bold @ http://localhost:5223/node_modules/.vite/deps/react-dom_client.js?v=df4d03b6:14337
[ 2883626ms] [INFO] %cDownload the React DevTools for a better development experience: https://react.dev/link/react-devtools font-weight:bold @ http://localhost:5223/node_modules/.vite/deps/react-dom_client.js?v=df4d03b6:14337
[ 5110420ms] [ERROR] WebSocket connection to 'ws://localhost:5223/?token=d3O43_46szwE' failed:  @ http://localhost:5223/@vite/client:864
[ 5110421ms] [LOG] [vite] server connection lost. Polling for restart... @ http://localhost:5223/@vite/client:992
[11404167ms] [INFO] %cDownload the React DevTools for a better development experience: https://react.dev/link/react-devtools font-weight:bold @ http://localhost:5223/node_modules/.vite/deps/react-dom_client.js?v=1caed669:14337
[11608030ms] [INFO] %cDownload the React DevTools for a better development experience: https://react.dev/link/react-devtools font-weight:bold @ http://localhost:5223/node_modules/.vite/deps/react-dom_client.js?v=1caed669:14337
[11725895ms] [INFO] %cDownload the React DevTools for a better development experience: https://react.dev/link/react-devtools font-weight:bold @ http://localhost:5223/node_modules/.vite/deps/react-dom_client.js?v=1caed669:14337
[12505411ms] [ERROR] WebSocket connection to 'ws://localhost:5223/?token=Wumbq3la7aTZ' failed:  @ http://localhost:5223/@vite/client:864
[12505411ms] [LOG] [vite] server connection lost. Polling for restart... @ http://localhost:5223/@vite/client:992
[12579002ms] [INFO] %cDownload the React DevTools for a better development experience: https://react.dev/link/react-devtools font-weight:bold @ http://localhost:5223/node_modules/.vite/deps/react-dom_client.js?v=1caed669:14337
[12598643ms] [INFO] %cDownload the React DevTools for a better development experience: https://react.dev/link/react-devtools font-weight:bold @ http://localhost:5223/node_modules/.vite/deps/react-dom_client.js?v=1caed669:14337
[12602865ms] [INFO] %cDownload the React DevTools for a better development experience: https://react.dev/link/react-devtools font-weight:bold @ http://localhost:5223/node_modules/.vite/deps/react-dom_client.js?v=1caed669:14337
[12650287ms] [INFO] %cDownload the React DevTools for a better development experience: https://react.dev/link/react-devtools font-weight:bold @ http://localhost:5223/node_modules/.vite/deps/react-dom_client.js?v=1caed669:14337
[12776260ms] [ERROR] WebSocket connection to 'ws://localhost:5223/?token=RG7seBH0JnQ5' failed:  @ http://localhost:5223/@vite/client:864
[12776261ms] [LOG] [vite] server connection lost. Polling for restart... @ http://localhost:5223/@vite/client:992
[13123218ms] [INFO] %cDownload the React DevTools for a better development experience: https://react.dev/link/react-devtools font-weight:bold @ http://localhost:5223/node_modules/.vite/deps/react-dom_client.js?v=1caed669:14337
[13473966ms] [INFO] %cDownload the React DevTools for a better development experience: https://react.dev/link/react-devtools font-weight:bold @ http://localhost:5223/node_modules/.vite/deps/react-dom_client.js?v=1caed669:14337
[13484365ms] [INFO] %cDownload the React DevTools for a better development experience: https://react.dev/link/react-devtools font-weight:bold @ http://localhost:5223/node_modules/.vite/deps/react-dom_client.js?v=1caed669:14337
[13490244ms] [INFO] %cDownload the React DevTools for a better development experience: https://react.dev/link/react-devtools font-weight:bold @ http://localhost:5223/node_modules/.vite/deps/react-dom_client.js?v=1caed669:14337
[13498935ms] [INFO] %cDownload the React DevTools for a better development experience: https://react.dev/link/react-devtools font-weight:bold @ http://localhost:5223/node_modules/.vite/deps/react-dom_client.js?v=1caed669:14337
[13777380ms] [ERROR] WebSocket connection to 'ws://localhost:5223/?token=53CF4QFLENCt' failed:  @ http://localhost:5223/@vite/client:864
[13777380ms] [LOG] [vite] server connection lost. Polling for restart... @ http://localhost:5223/@vite/client:992
[17396185ms] [INFO] %cDownload the React DevTools for a better development experience: https://react.dev/link/react-devtools font-weight:bold @ http://localhost:5223/node_modules/.vite/deps/react-dom_client.js?v=1caed669:14337
[17908756ms] [INFO] %cDownload the React DevTools for a better development experience: https://react.dev/link/react-devtools font-weight:bold @ http://localhost:5223/node_modules/.vite/deps/react-dom_client.js?v=1caed669:14337
[17953749ms] [INFO] %cDownload the React DevTools for a better development experience: https://react.dev/link/react-devtools font-weight:bold @ http://localhost:5223/node_modules/.vite/deps/react-dom_client.js?v=1caed669:14337
[17961923ms] [INFO] %cDownload the React DevTools for a better development experience: https://react.dev/link/react-devtools font-weight:bold @ http://localhost:5223/node_modules/.vite/deps/react-dom_client.js?v=1caed669:14337
[18937820ms] [ERROR] WebSocket connection to 'ws://localhost:5223/?token=GKL5Qpk8Q9XG' failed:  @ http://localhost:5223/@vite/client:864
[18937820ms] [LOG] [vite] server connection lost. Polling for restart... @ http://localhost:5223/@vite/client:992
